OpenROAD v2.0-6895-g5c85b36f8 
This program is licensed under the BSD-3 license. See the LICENSE file for details.
Components of this program may be licensed under more restrictive licenses which must be honored.
[WARNING STA-0164] ./platforms/asap7/lib/asap7sc7p5t_SIMPLE_RVT_FF_nldm_211120.lib.gz line 13178, timing group from output port.
[WARNING STA-0164] ./platforms/asap7/lib/asap7sc7p5t_SIMPLE_RVT_FF_nldm_211120.lib.gz line 13211, timing group from output port.
[WARNING STA-0164] ./platforms/asap7/lib/asap7sc7p5t_SIMPLE_RVT_FF_nldm_211120.lib.gz line 13244, timing group from output port.
[WARNING STA-0164] ./platforms/asap7/lib/asap7sc7p5t_SIMPLE_RVT_FF_nldm_211120.lib.gz line 13277, timing group from output port.
[WARNING STA-0164] ./platforms/asap7/lib/asap7sc7p5t_SIMPLE_RVT_FF_nldm_211120.lib.gz line 13310, timing group from output port.
[WARNING STA-0164] ./platforms/asap7/lib/asap7sc7p5t_SIMPLE_RVT_FF_nldm_211120.lib.gz line 13343, timing group from output port.
[WARNING STA-0164] ./platforms/asap7/lib/asap7sc7p5t_SIMPLE_RVT_FF_nldm_211120.lib.gz line 13376, timing group from output port.
[WARNING STA-0164] ./platforms/asap7/lib/asap7sc7p5t_SIMPLE_RVT_FF_nldm_211120.lib.gz line 14772, timing group from output port.
[WARNING STA-0164] ./platforms/asap7/lib/asap7sc7p5t_SIMPLE_RVT_FF_nldm_211120.lib.gz line 14805, timing group from output port.
[WARNING STA-0164] ./platforms/asap7/lib/asap7sc7p5t_SIMPLE_RVT_FF_nldm_211120.lib.gz line 14838, timing group from output port.
[INFO MPL-0005] Found 4 macros.
[INFO MPL-0009] West pins 3.
[INFO MPL-0009] East pins 2.
[INFO MPL-0009] North pins 0.
[INFO MPL-0009] South pins 130.
[INFO MPL-0069] Initial weighted wire length 51870.9.
Begin one level partition.
[INFO MPL-0076] Partition 4 macros.
[INFO MPL-0077] Using 2 cut lines.
[INFO MPL-0079] Cut line 111.67.
[INFO MPL-0079] Cut line 120.42.
End one level partition.
Begin horizontal partition.
Begin east partition.
[INFO MPL-0076] Partition 0 macros.
[INFO MPL-0077] Using 0 cut lines.
End east partition.
Begin west partition.
[INFO MPL-0076] Partition 4 macros.
[INFO MPL-0077] Using 1 cut lines.
[INFO MPL-0079] Cut line 2.16.
End west partition.
End horizontal partition.
Begin horizontal partition.
Begin east partition.
[INFO MPL-0076] Partition 2 macros.
[INFO MPL-0077] Using 1 cut lines.
[INFO MPL-0079] Cut line 2.16.
End east partition.
Begin west partition.
[INFO MPL-0076] Partition 2 macros.
[INFO MPL-0077] Using 1 cut lines.
[INFO MPL-0079] Cut line 2.16.
End west partition.
End horizontal partition.
[INFO MPL-0070] Using 2 partition sets.
[WARNING MPL-0061] Parquet area 72.54 x 174.4 exceeds the partition area 55.134 x 98.55.
[WARNING MPL-0061] Parquet area 48.36 x 87.2 exceeds the partition area 46.386 x 98.55.
[WARNING MPL-0072] No partition solutions found.
Elapsed time: 0:02.38[h:]min:sec. CPU time: user 2.15 sys 0.10 (95%). Peak memory: 212692KB.
