OpenROAD v2.0-6895-g5c85b36f8 
This program is licensed under the BSD-3 license. See the LICENSE file for details.
Components of this program may be licensed under more restrictive licenses which must be honored.
[WARNING STA-0164] ./platforms/asap7/lib/asap7sc7p5t_SIMPLE_RVT_FF_nldm_211120.lib.gz line 13178, timing group from output port.
[WARNING STA-0164] ./platforms/asap7/lib/asap7sc7p5t_SIMPLE_RVT_FF_nldm_211120.lib.gz line 13211, timing group from output port.
[WARNING STA-0164] ./platforms/asap7/lib/asap7sc7p5t_SIMPLE_RVT_FF_nldm_211120.lib.gz line 13244, timing group from output port.
[WARNING STA-0164] ./platforms/asap7/lib/asap7sc7p5t_SIMPLE_RVT_FF_nldm_211120.lib.gz line 13277, timing group from output port.
[WARNING STA-0164] ./platforms/asap7/lib/asap7sc7p5t_SIMPLE_RVT_FF_nldm_211120.lib.gz line 13310, timing group from output port.
[WARNING STA-0164] ./platforms/asap7/lib/asap7sc7p5t_SIMPLE_RVT_FF_nldm_211120.lib.gz line 13343, timing group from output port.
[WARNING STA-0164] ./platforms/asap7/lib/asap7sc7p5t_SIMPLE_RVT_FF_nldm_211120.lib.gz line 13376, timing group from output port.
[WARNING STA-0164] ./platforms/asap7/lib/asap7sc7p5t_SIMPLE_RVT_FF_nldm_211120.lib.gz line 14772, timing group from output port.
[WARNING STA-0164] ./platforms/asap7/lib/asap7sc7p5t_SIMPLE_RVT_FF_nldm_211120.lib.gz line 14805, timing group from output port.
[WARNING STA-0164] ./platforms/asap7/lib/asap7sc7p5t_SIMPLE_RVT_FF_nldm_211120.lib.gz line 14838, timing group from output port.
Placement Analysis
---------------------------------
total displacement       2794.8 u
average displacement        0.2 u
max displacement           10.8 u
original HPWL           60238.4 u
legalized HPWL          62467.5 u
delta HPWL                    4 %

Detailed placement improvement.
Importing netlist into detailed improver.
[INFO DPO-0100] Creating network with 11170 cells, 135 terminals, 9254 edges and 34427 pins.
[INFO DPO-0109] Network stats: inst 11305, edges 9254, pins 34427
[INFO DPO-0110] Number of regions is 1
[INFO DPO-0401] Setting random seed to 1.
[INFO DPO-0402] Setting maximum displacement 5 1 to 1350 270 units.
[INFO DPO-0320] Collected 2611 fixed cells (excluded terminal_NI).
[INFO DPO-0318] Collected 8947 single height cells.
[INFO DPO-0319] Collected 4 multi-height cells spanning 249 rows.
[INFO DPO-0321] Collected 0 wide cells.
[INFO DPO-0322] Image (2052, 2160) - (166806, 100710)
[INFO DPO-0310] Assigned 8947 cells into segments.  Movement in X-direction is 0.000000, movement in Y-direction is 0.000000.
[INFO DPO-0310] Assigned 4 cells into segments.  Movement in X-direction is 755.000000, movement in Y-direction is 3316.000000.
[WARNING DPO-0200] Unexpected displacement during legalization.
[INFO DPO-0313] Found 0 cells in wrong regions.
[INFO DPO-0315] Found 4 row alignment problems.
[INFO DPO-0314] Found 1007 site alignment problems.
[INFO DPO-0311] Found 0 overlaps between adjacent cells.
[INFO DPO-0312] Found 0 edge spacing violations and 13 padding violations.
[WARNING DPO-0201] Placement check failure during legalization.
[INFO DPO-0303] Running algorithm for independent set matching.
[INFO DPO-0300] Set matching objective is wirelength.
[INFO DPO-0301] Pass   1 of matching; objective is 6.238071e+07.
[INFO DPO-0302] End of matching; objective is 6.235773e+07, improvement is 0.04 percent.
[INFO DPO-0303] Running algorithm for global swaps.
[INFO DPO-0306] Pass   1 of global swaps; hpwl is 6.161256e+07.
[INFO DPO-0306] Pass   2 of global swaps; hpwl is 6.146998e+07.
[INFO DPO-0307] End of global swaps; objective is 6.146998e+07, improvement is 1.42 percent.
[INFO DPO-0303] Running algorithm for vertical swaps.
[INFO DPO-0308] Pass   1 of vertical swaps; hpwl is 6.132513e+07.
[INFO DPO-0309] End of vertical swaps; objective is 6.132513e+07, improvement is 0.24 percent.
[INFO DPO-0303] Running algorithm for reordering.
[INFO DPO-0304] Pass   1 of reordering; objective is 6.129565e+07.
[INFO DPO-0305] End of reordering; objective is 6.129565e+07, improvement is 0.05 percent.
[INFO DPO-0303] Running algorithm for random improvement.
[INFO DPO-0324] Random improver is using displacement generator.
[INFO DPO-0325] Random improver is using hpwl objective.
[INFO DPO-0326] Random improver cost string is (a).
[INFO DPO-0332] End of pass, Generator displacement called 179020 times.
[INFO DPO-0335] Generator displacement, Cumulative attempts 179020, swaps 16656, moves 61570 since last reset.
[INFO DPO-0333] End of pass, Objective hpwl, Initial cost 6.114974e+07, Scratch cost 6.070761e+07, Incremental cost 6.070761e+07, Mismatch? N
[INFO DPO-0338] End of pass, Total cost is 6.070761e+07.
[INFO DPO-0327] Pass   1 of random improver; improvement in cost is 0.72 percent.
[INFO DPO-0328] End of random improver; improvement is 0.723034 percent.
[INFO DPO-0380] Cell flipping.
[INFO DPO-0382] Changed 4525 cell orientations for row compatibility.
[INFO DPO-0383] Performed 3266 cell flips.
[INFO DPO-0384] End of flipping; objective is 6.007863e+07, improvement is 1.27 percent.
[INFO DPO-0313] Found 0 cells in wrong regions.
[INFO DPO-0315] Found 4 row alignment problems.
[INFO DPO-0314] Found 1000 site alignment problems.
[INFO DPO-0311] Found 0 overlaps between adjacent cells.
[INFO DPO-0312] Found 0 edge spacing violations and 6 padding violations.
Detailed Improvement Results
------------------------------------------
Original HPWL            62467.5 u
Final HPWL               59930.6 u
Delta HPWL                  -4.1 %

[INFO DPL-0020] Mirrored 706 instances
[INFO DPL-0021] HPWL before           59930.6 u
[INFO DPL-0022] HPWL after            59896.4 u
[INFO DPL-0023] HPWL delta               -0.1 %
[WARNING DPL-0005] Overlap check failed (4).
 dmem.dmem0 overlaps _15520_
 dmem.dmem1 overlaps _15695_
 dmem.dmem2 overlaps _15521_
 dmem.dmem3 overlaps _15523_
[WARNING DPL-0006] Site aligned check failed (4).
 _15520_
 _15521_
 _15523_
 _15695_
[ERROR DPL-0033] detailed placement checks failed.
Error: detail_place.tcl, 21 DPL-0033
Command exited with non-zero status 1
Elapsed time: 0:04.29[h:]min:sec. CPU time: user 4.19 sys 0.10 (100%). Peak memory: 276428KB.
